demo/app/build/outputs/logs/manifest-merger-debug-report.txt
-- Merging decision tree log ---
manifest
ADDED from src/main/AndroidManifest.xml:2:1-27:12
INJECTED from src/main/AndroidManifest.xml:2:1-27:12
INJECTED from src/main/AndroidManifest.xml:2:1-27:12
INJECTED from src/main/AndroidManifest.xml:2:1-27:12
MERGED from [:library] AndroidManifest.xml:2:1-17:12
INJECTED from src/main/AndroidManifest.xml:2:1-27:12
INJECTED from src/main/AndroidManifest.xml:2:1-27:12
INJECTED from src/main/AndroidManifest.xml:2:1-27:12
	package
		ADDED from src/main/AndroidManifest.xml:3:5-47
		INJECTED from src/main/AndroidManifest.xml
		INJECTED from src/main/AndroidManifest.xml
	android:versionName
		ADDED from src/main/AndroidManifest.xml:5:5-32
		INJECTED from src/main/AndroidManifest.xml
		INJECTED from src/main/AndroidManifest.xml
	xmlns:android
		ADDED from src/main/AndroidManifest.xml:2:11-69
	android:versionCode
		ADDED from src/main/AndroidManifest.xml:4:5-28
		INJECTED from src/main/AndroidManifest.xml
		INJECTED from src/main/AndroidManifest.xml
uses-sdk
ADDED from src/main/AndroidManifest.xml:7:5-9:41
INJECTED from src/main/AndroidManifest.xml:7:5-9:41
INJECTED from src/main/AndroidManifest.xml:7:5-9:41
MERGED from [:library] AndroidManifest.xml:7:5-9:41
MERGED from [:library] AndroidManifest.xml:7:5-9:41
INJECTED from src/main/AndroidManifest.xml:7:5-9:41
INJECTED from src/main/AndroidManifest.xml:7:5-9:41
	android:targetSdkVersion
		ADDED from src/main/AndroidManifest.xml:9:9-38
		INJECTED from src/main/AndroidManifest.xml
		INJECTED from src/main/AndroidManifest.xml
	android:minSdkVersion
		ADDED from src/main/AndroidManifest.xml:8:9-34
		INJECTED from src/main/AndroidManifest.xml
		INJECTED from src/main/AndroidManifest.xml
uses-permission#android.permission.READ_EXTERNAL_STORAGE
ADDED from src/main/AndroidManifest.xml:10:5-80
	android:name
		ADDED from src/main/AndroidManifest.xml:10:22-77
application
ADDED from src/main/AndroidManifest.xml:12:5-25:19
MERGED from [:library] AndroidManifest.xml:11:5-15:19
MERGED from [:library] AndroidManifest.xml:11:5-15:19
	android:label
		ADDED from [:library] AndroidManifest.xml:13:9-50
	android:icon
		ADDED from src/main/AndroidManifest.xml:14:9-45
	android:allowBackup
		ADDED from src/main/AndroidManifest.xml:13:9-35
activity#ar.com.daidalos.afiledialog.test.AFileDialogTestingActivity
ADDED from src/main/AndroidManifest.xml:15:9-23:20
	android:label
		ADDED from src/main/AndroidManifest.xml:17:13-45
	android:name
		ADDED from src/main/AndroidManifest.xml:16:13-55
intent-filter#android.intent.action.MAIN+android.intent.category.LAUNCHER
ADDED from src/main/AndroidManifest.xml:18:13-22:29
action#android.intent.action.MAIN
ADDED from src/main/AndroidManifest.xml:19:17-69
	android:name
		ADDED from src/main/AndroidManifest.xml:19:25-66
category#android.intent.category.LAUNCHER
ADDED from src/main/AndroidManifest.xml:21:17-77
	android:name
		ADDED from src/main/AndroidManifest.xml:21:27-74
activity#ar.com.daidalos.afiledialog.FileChooserActivity
ADDED from src/main/AndroidManifest.xml:24:9-84
MERGED from [:library] AndroidManifest.xml:14:9-84
MERGED from [:library] AndroidManifest.xml:14:9-84
	android:name
		ADDED from src/main/AndroidManifest.xml:24:19-81